<?xml version="1.0" encoding="UTF-8"?>
<!-- Generated by org.testng.reporters.JUnitReportReporter -->
<testsuite skipped="0" hostname="DESKTOP-LR7I5H0" name="restaurant.AddRestaurantByusingTestNG" tests="1" failures="0" timestamp="2023-01-12T13:09:01 IST" time="42.774" errors="0">
  <testcase name="AddResturantTest" time="42.774" classname="restaurant.AddRestaurantByusingTestNG"/>
  <system-out/>
</testsuite> <!-- restaurant.AddRestaurantByusingTestNG -->
