<?xml version="1.0" encoding="UTF-8"?>
<!-- Generated by org.testng.reporters.JUnitReportReporter -->
<testsuite skipped="0" hostname="DESKTOP-LR7I5H0" name="TestNG_Practice.SampleTest_4" tests="2" failures="0" timestamp="2023-01-10T13:11:46 IST" time="7.346" errors="0">
  <testcase name="test8" time="4.744" classname="TestNG_Practice.SampleTest_4"/>
  <system-out>
    <![CDATA[Test8]]>
  </system-out>
  <testcase name="test7" time="2.602" classname="TestNG_Practice.SampleTest_4"/>
  <system-out>
    <![CDATA[Test7]]>
  </system-out>
</testsuite> <!-- TestNG_Practice.SampleTest_4 -->
