<?xml version="1.0" encoding="UTF-8"?>
<!-- Generated by org.testng.reporters.JUnitReportReporter -->
<testsuite skipped="0" hostname="DESKTOP-LR7I5H0" name="TestNG_Practice.SampleTest_3" tests="2" failures="0" timestamp="2023-01-10T13:11:46 IST" time="16.507" errors="0">
  <testcase name="test5" time="3.673" classname="TestNG_Practice.SampleTest_3"/>
  <system-out>
    <![CDATA[Test5]]>
  </system-out>
  <testcase name="test6" time="12.834" classname="TestNG_Practice.SampleTest_3"/>
  <system-out>
    <![CDATA[Test6]]>
  </system-out>
</testsuite> <!-- TestNG_Practice.SampleTest_3 -->
