<?xml version="1.0" encoding="UTF-8"?>
<!-- Generated by org.testng.reporters.JUnitReportReporter -->
<testsuite skipped="0" hostname="DESKTOP-LR7I5H0" name="Practice_Package.DataproviderTest" tests="2" failures="0" timestamp="2023-01-14T14:47:16 IST" time="0.012" errors="0">
  <testcase name="test" time="0.002" classname="Practice_Package.DataproviderTest"/>
  <system-out/>
  <testcase name="test" time="0.010" classname="Practice_Package.DataproviderTest"/>
  <system-out/>
</testsuite> <!-- Practice_Package.DataproviderTest -->
