<?xml version="1.0" encoding="UTF-8"?>
<!-- Generated by org.testng.reporters.JUnitReportReporter -->
<testsuite skipped="0" hostname="DESKTOP-LR7I5H0" name="TestNG_Practice.DataProviderTest" tests="7" failures="0" timestamp="2023-01-09T12:30:29 IST" time="0.773" errors="0">
  <testcase name="traveller" time="0.135" classname="TestNG_Practice.DataProviderTest"/>
  <system-out/>
  <testcase name="traveller" time="0.135" classname="TestNG_Practice.DataProviderTest"/>
  <system-out/>
  <testcase name="traveller" time="0.148" classname="TestNG_Practice.DataProviderTest"/>
  <system-out/>
  <testcase name="traveller" time="0.082" classname="TestNG_Practice.DataProviderTest"/>
  <system-out/>
  <testcase name="traveller" time="0.121" classname="TestNG_Practice.DataProviderTest"/>
  <system-out/>
  <testcase name="traveller" time="0.084" classname="TestNG_Practice.DataProviderTest"/>
  <system-out/>
  <testcase name="traveller" time="0.068" classname="TestNG_Practice.DataProviderTest"/>
  <system-out/>
</testsuite> <!-- TestNG_Practice.DataProviderTest -->
