<?xml version="1.0" encoding="UTF-8"?>
<!-- Generated by org.testng.reporters.JUnitReportReporter -->
<testsuite skipped="0" hostname="DESKTOP-LR7I5H0" name="TestNG_Practice.SampleTest_1" tests="2" failures="0" timestamp="2023-01-10T13:11:46 IST" time="12.147" errors="0">
  <testcase name="test2" time="4.351" classname="TestNG_Practice.SampleTest_1"/>
  <system-out>
    <![CDATA[Test2]]>
  </system-out>
  <testcase name="test1" time="7.796" classname="TestNG_Practice.SampleTest_1"/>
  <system-out>
    <![CDATA[Test1]]>
  </system-out>
</testsuite> <!-- TestNG_Practice.SampleTest_1 -->
