<?xml version="1.0" encoding="UTF-8"?>
<!-- Generated by org.testng.reporters.JUnitReportReporter -->
<testsuite skipped="0" hostname="DESKTOP-LR7I5H0" name="restaurant.Resturant_AthByUsingTestNG" tests="1" failures="0" timestamp="2023-01-11T12:21:36 IST" time="7.408" errors="0">
  <testcase name="resturantTest" time="7.408" classname="restaurant.Resturant_AthByUsingTestNG"/>
  <system-out>
    <![CDATA[My Orders Page is displayed and System testing is passed]]>
  </system-out>
</testsuite> <!-- restaurant.Resturant_AthByUsingTestNG -->
