<?xml version="1.0" encoding="UTF-8"?>
<!-- Generated by org.testng.reporters.JUnitReportReporter -->
<testsuite skipped="0" hostname="DESKTOP-LR7I5H0" name="TestNG_Practice.PracticeAnnotations" tests="4" failures="0" timestamp="2023-01-09T17:05:23 IST" time="0.037" errors="0">
  <testcase name="createAccount" time="0.024" classname="TestNG_Practice.PracticeAnnotations"/>
  <system-out>
    <![CDATA[Create A account for login]]>
  </system-out>
  <testcase name="search" time="0.005" classname="TestNG_Practice.PracticeAnnotations"/>
  <system-out>
    <![CDATA[search a food]]>
  </system-out>
  <testcase name="order" time="0.004" classname="TestNG_Practice.PracticeAnnotations"/>
  <system-out>
    <![CDATA[order a food]]>
  </system-out>
  <testcase name="payForOreder" time="0.004" classname="TestNG_Practice.PracticeAnnotations"/>
  <system-out>
    <![CDATA[Order is recieved and paying]]>
  </system-out>
</testsuite> <!-- TestNG_Practice.PracticeAnnotations -->
