<?xml version="1.0" encoding="UTF-8"?>
<!-- Generated by org.testng.reporters.JUnitReportReporter -->
<testsuite skipped="0" hostname="DESKTOP-LR7I5H0" name="com.OFOS.testscript.AddToCartTest" tests="1" failures="0" timestamp="2023-01-09T17:34:10 IST" time="18.795" errors="0">
  <testcase name="addToCart" time="18.795" classname="com.OFOS.testscript.AddToCartTest"/>
  <system-out/>
</testsuite> <!-- com.OFOS.testscript.AddToCartTest -->
