<?xml version="1.0" encoding="UTF-8"?>
<!-- Generated by org.testng.reporters.JUnitReportReporter -->
<testsuite skipped="0" hostname="DESKTOP-LR7I5H0" name="TestNG_Practice.SampleTest" tests="3" failures="0" timestamp="2023-01-06T17:13:55 IST" time="0.016" errors="0">
  <testcase name="delete" time="0.002" classname="TestNG_Practice.SampleTest"/>
  <system-out>
    <![CDATA[Delete]]>
  </system-out>
  <testcase name="update" time="0.002" classname="TestNG_Practice.SampleTest"/>
  <system-out>
    <![CDATA[Update]]>
  </system-out>
  <testcase name="create" time="0.012" classname="TestNG_Practice.SampleTest"/>
  <system-out>
    <![CDATA[Created]]>
  </system-out>
</testsuite> <!-- TestNG_Practice.SampleTest -->
