<?xml version="1.0" encoding="UTF-8"?>
<!-- Generated by org.testng.reporters.JUnitReportReporter -->
<testsuite skipped="0" hostname="DESKTOP-LR7I5H0" name="Practice_Package.SampleTest" tests="3" failures="0" timestamp="2023-01-06T15:36:29 IST" time="0.020" errors="0">
  <testcase name="p" time="0.002" classname="Practice_Package.SampleTest"/>
  <system-out>
    <![CDATA[p]]>
  </system-out>
  <testcase name="delete" time="0.016" classname="Practice_Package.SampleTest"/>
  <system-out>
    <![CDATA[Delete]]>
  </system-out>
  <testcase name="create" time="0.002" classname="Practice_Package.SampleTest"/>
  <system-out>
    <![CDATA[Created]]>
  </system-out>
</testsuite> <!-- Practice_Package.SampleTest -->
