<?xml version="1.0" encoding="UTF-8"?>
<!-- Generated by org.testng.reporters.JUnitReportReporter -->
<testsuite skipped="0" hostname="DESKTOP-LR7I5H0" name="TestNG_Practice.PracticeDataProvider" tests="2" failures="0" timestamp="2023-01-09T11:32:12 IST" time="0.013" errors="0">
  <testcase name="travel" time="0.002" classname="TestNG_Practice.PracticeDataProvider"/>
  <system-out/>
  <testcase name="travel" time="0.011" classname="TestNG_Practice.PracticeDataProvider"/>
  <system-out/>
</testsuite> <!-- TestNG_Practice.PracticeDataProvider -->
