<?xml version="1.0" encoding="UTF-8"?>
<!-- Generated by org.testng.reporters.JUnitReportReporter -->
<testsuite skipped="0" hostname="DESKTOP-LR7I5H0" name="com.OFOS.testscript.Trail" tests="1" failures="0" timestamp="2023-01-10T15:08:35 IST" time="4.819" errors="0">
  <testcase name="trailTest" time="4.819" classname="com.OFOS.testscript.Trail"/>
  <system-out>
    <![CDATA[Trail is successfully completed]]>
  </system-out>
</testsuite> <!-- com.OFOS.testscript.Trail -->
