<?xml version="1.0" encoding="UTF-8"?>
<!-- Generated by org.testng.reporters.JUnitReportReporter -->
<testsuite skipped="0" hostname="DESKTOP-LR7I5H0" name="TestNG_Practice.SampleTest_2" tests="2" failures="0" timestamp="2023-01-10T13:11:46 IST" time="8.238" errors="0">
  <testcase name="test4" time="5.903" classname="TestNG_Practice.SampleTest_2"/>
  <system-out>
    <![CDATA[Test4]]>
  </system-out>
  <testcase name="test3" time="2.335" classname="TestNG_Practice.SampleTest_2"/>
  <system-out>
    <![CDATA[Test3]]>
  </system-out>
</testsuite> <!-- TestNG_Practice.SampleTest_2 -->
